<?xml version="1.0" encoding="UTF-8"?>
<!-- Generated by org.testng.reporters.JUnitXMLReporter -->
<testsuite ignored="1" hostname="helilshahyars-iMac.local" failures="0" tests="1" name="Default test" time="1.389" errors="0" timestamp="2022-02-20T11:25:07 EST">
  <testcase classname="apiTests.PetStoreAPI_Tests" name="getPetByID" time="1.36"/>
  <testcase classname="apiTests.PetStoreAPI_Tests" name="createAPet" time="0.0">
    <ignored/>
  </testcase> <!-- createAPet -->
</testsuite> <!-- Default test -->
