<?xml version="1.0" encoding="UTF-8"?>
<!-- Generated by org.testng.reporters.JUnitXMLReporter -->
<testsuite ignored="2" hostname="helilshahyars-iMac.local" failures="0" tests="1" name="Default test" time="1.076" errors="0" timestamp="2022-02-20T14:09:03 EST">
  <testcase classname="apiTests.PetStoreAPI_Tests" name="justPrintingSomehing" time="1.049"/>
  <testcase classname="apiTests.PetStoreAPI_Tests" name="getPetByID" time="0.0">
    <ignored/>
  </testcase> <!-- getPetByID -->
  <testcase classname="apiTests.PetStoreAPI_Tests" name="createAPet" time="0.0">
    <ignored/>
  </testcase> <!-- createAPet -->
</testsuite> <!-- Default test -->
