<?xml version="1.0" encoding="UTF-8"?>
<testng-results ignored="2" total="3" passed="1" failed="0" skipped="0">
  <reporter-output>
  </reporter-output>
  <suite started-at="2022-02-20T14:09:02 EST" name="Default suite" finished-at="2022-02-20T14:09:03 EST" duration-ms="1076">
    <groups>
    </groups>
    <test started-at="2022-02-20T14:09:02 EST" name="Default test" finished-at="2022-02-20T14:09:03 EST" duration-ms="1076">
      <class name="apiTests.PetStoreAPI_Tests">
        <test-method is-config="true" signature="beforeMethod()[pri:0, instance:apiTests.PetStoreAPI_Tests@ec756bd]" started-at="2022-02-20T14:09:02 EST" name="beforeMethod" finished-at="2022-02-20T14:09:02 EST" duration-ms="7" status="PASS">
          <reporter-output>
          </reporter-output>
        </test-method> <!-- beforeMethod -->
        <test-method signature="justPrintingSomehing()[pri:0, instance:apiTests.PetStoreAPI_Tests@ec756bd]" started-at="2022-02-20T14:09:02 EST" name="justPrintingSomehing" finished-at="2022-02-20T14:09:03 EST" duration-ms="1049" status="PASS">
          <reporter-output>
          </reporter-output>
        </test-method> <!-- justPrintingSomehing -->
      </class> <!-- apiTests.PetStoreAPI_Tests -->
    </test> <!-- Default test -->
  </suite> <!-- Default suite -->
</testng-results>
