<?xml version="1.0" encoding="UTF-8"?>
<testng-results ignored="0" total="2" passed="2" failed="0" skipped="0">
  <reporter-output>
  </reporter-output>
  <suite started-at="2022-02-20T12:03:17 EST" name="ApiTests" finished-at="2022-02-20T12:03:19 EST" duration-ms="1562">
    <groups>
    </groups>
    <test started-at="2022-02-20T12:03:17 EST" name="API_SmokeTests" finished-at="2022-02-20T12:03:19 EST" duration-ms="1562">
      <class name="apiTests.PetStoreAPI_Tests">
        <test-method is-config="true" signature="beforeMethod()[pri:0, instance:apiTests.PetStoreAPI_Tests@223f3642]" started-at="2022-02-20T12:03:17 EST" name="beforeMethod" finished-at="2022-02-20T12:03:17 EST" duration-ms="6" status="PASS">
          <reporter-output>
          </reporter-output>
        </test-method> <!-- beforeMethod -->
        <test-method signature="createAPet()[pri:0, instance:apiTests.PetStoreAPI_Tests@223f3642]" started-at="2022-02-20T12:03:17 EST" name="createAPet" finished-at="2022-02-20T12:03:19 EST" duration-ms="1400" status="PASS">
          <reporter-output>
          </reporter-output>
        </test-method> <!-- createAPet -->
        <test-method signature="getPetByID()[pri:0, instance:apiTests.PetStoreAPI_Tests@223f3642]" started-at="2022-02-20T12:03:19 EST" name="getPetByID" finished-at="2022-02-20T12:03:19 EST" duration-ms="133" status="PASS">
          <reporter-output>
          </reporter-output>
        </test-method> <!-- getPetByID -->
        <test-method is-config="true" signature="beforeMethod()[pri:0, instance:apiTests.PetStoreAPI_Tests@223f3642]" started-at="2022-02-20T12:03:19 EST" name="beforeMethod" finished-at="2022-02-20T12:03:19 EST" duration-ms="0" status="PASS">
          <reporter-output>
          </reporter-output>
        </test-method> <!-- beforeMethod -->
      </class> <!-- apiTests.PetStoreAPI_Tests -->
    </test> <!-- API_SmokeTests -->
  </suite> <!-- ApiTests -->
</testng-results>
